  Entity.cpp
C:\Users\josed\source\repos\NFL Data copy\NFL Data copy\Entity.cpp(240,60): warning C4244: 'argument': conversion from 'double' to 'float', possible loss of data
C:\Users\josed\source\repos\NFL Data copy\NFL Data copy\Entity.cpp(240,48): warning C4244: 'argument': conversion from 'double' to 'float', possible loss of data
C:\Users\josed\source\repos\NFL Data copy\NFL Data copy\Entity.cpp(241,63): warning C4244: 'argument': conversion from 'double' to 'float', possible loss of data
C:\Users\josed\source\repos\NFL Data copy\NFL Data copy\Entity.cpp(241,51): warning C4244: 'argument': conversion from 'double' to 'float', possible loss of data
C:\Users\josed\source\repos\NFL Data copy\NFL Data copy\Entity.cpp(295,60): warning C4244: 'argument': conversion from 'double' to 'float', possible loss of data
C:\Users\josed\source\repos\NFL Data copy\NFL Data copy\Entity.cpp(295,48): warning C4244: 'argument': conversion from 'double' to 'float', possible loss of data
C:\Users\josed\source\repos\NFL Data copy\NFL Data copy\Entity.cpp(296,63): warning C4244: 'argument': conversion from 'double' to 'float', possible loss of data
C:\Users\josed\source\repos\NFL Data copy\NFL Data copy\Entity.cpp(296,51): warning C4244: 'argument': conversion from 'double' to 'float', possible loss of data
C:\Users\josed\source\repos\NFL Data copy\NFL Data copy\Entity.cpp(364,60): warning C4244: 'argument': conversion from 'double' to 'float', possible loss of data
C:\Users\josed\source\repos\NFL Data copy\NFL Data copy\Entity.cpp(364,48): warning C4244: 'argument': conversion from 'double' to 'float', possible loss of data
C:\Users\josed\source\repos\NFL Data copy\NFL Data copy\Entity.cpp(365,63): warning C4244: 'argument': conversion from 'double' to 'float', possible loss of data
C:\Users\josed\source\repos\NFL Data copy\NFL Data copy\Entity.cpp(365,51): warning C4244: 'argument': conversion from 'double' to 'float', possible loss of data
C:\Users\josed\source\repos\NFL Data copy\NFL Data copy\Entity.cpp(414,60): warning C4244: 'argument': conversion from 'double' to 'float', possible loss of data
C:\Users\josed\source\repos\NFL Data copy\NFL Data copy\Entity.cpp(414,48): warning C4244: 'argument': conversion from 'double' to 'float', possible loss of data
C:\Users\josed\source\repos\NFL Data copy\NFL Data copy\Entity.cpp(415,63): warning C4244: 'argument': conversion from 'double' to 'float', possible loss of data
C:\Users\josed\source\repos\NFL Data copy\NFL Data copy\Entity.cpp(415,51): warning C4244: 'argument': conversion from 'double' to 'float', possible loss of data
C:\Users\josed\source\repos\NFL Data copy\NFL Data copy\Entity.cpp(464,60): warning C4244: 'argument': conversion from 'double' to 'float', possible loss of data
C:\Users\josed\source\repos\NFL Data copy\NFL Data copy\Entity.cpp(464,48): warning C4244: 'argument': conversion from 'double' to 'float', possible loss of data
C:\Users\josed\source\repos\NFL Data copy\NFL Data copy\Entity.cpp(465,63): warning C4244: 'argument': conversion from 'double' to 'float', possible loss of data
C:\Users\josed\source\repos\NFL Data copy\NFL Data copy\Entity.cpp(465,51): warning C4244: 'argument': conversion from 'double' to 'float', possible loss of data
C:\Users\josed\source\repos\NFL Data copy\NFL Data copy\Entity.cpp(534,64): warning C4244: 'argument': conversion from 'double' to 'float', possible loss of data
C:\Users\josed\source\repos\NFL Data copy\NFL Data copy\Entity.cpp(534,49): warning C4244: 'argument': conversion from 'double' to 'float', possible loss of data
  Game.cpp
C:\Users\josed\source\repos\NFL Data copy\NFL Data copy\Game.cpp(25,51): warning C4244: 'argument': conversion from 'double' to 'unsigned int', possible loss of data
  GameState.cpp
C:\Users\josed\source\repos\NFL Data copy\NFL Data copy\GameState.cpp(31,61): warning C4305: 'argument': truncation from 'double' to 'T'
          with
          [
              T=float
          ]
C:\Users\josed\source\repos\NFL Data copy\NFL Data copy\GameState.cpp(32,62): warning C4305: 'argument': truncation from 'double' to 'T'
          with
          [
              T=float
          ]
C:\Users\josed\source\repos\NFL Data copy\NFL Data copy\GameState.cpp(35,64): warning C4305: 'argument': truncation from 'double' to 'T'
          with
          [
              T=float
          ]
C:\Users\josed\source\repos\NFL Data copy\NFL Data copy\GameState.cpp(40,50): warning C4244: 'argument': conversion from 'double' to 'T', possible loss of data
          with
          [
              T=float
          ]
C:\Users\josed\source\repos\NFL Data copy\NFL Data copy\GameState.cpp(44,51): warning C4244: 'argument': conversion from 'double' to 'T', possible loss of data
          with
          [
              T=float
          ]
C:\Users\josed\source\repos\NFL Data copy\NFL Data copy\GameState.cpp(47,49): warning C4244: 'argument': conversion from 'int' to 'T', possible loss of data
          with
          [
              T=float
          ]
C:\Users\josed\source\repos\NFL Data copy\NFL Data copy\GameState.cpp(49,63): warning C4244: 'argument': conversion from 'double' to 'float', possible loss of data
C:\Users\josed\source\repos\NFL Data copy\NFL Data copy\GameState.cpp(57,60): warning C4244: 'argument': conversion from 'double' to 'T', possible loss of data
          with
          [
              T=float
          ]
C:\Users\josed\source\repos\NFL Data copy\NFL Data copy\GameState.cpp(62,58): warning C4244: 'argument': conversion from 'int' to 'T', possible loss of data
          with
          [
              T=float
          ]
C:\Users\josed\source\repos\NFL Data copy\NFL Data copy\GameState.cpp(65,66): warning C4244: 'argument': conversion from 'double' to 'float', possible loss of data
C:\Users\josed\source\repos\NFL Data copy\NFL Data copy\GameState.cpp(73,60): warning C4244: 'argument': conversion from 'double' to 'T', possible loss of data
          with
          [
              T=float
          ]
C:\Users\josed\source\repos\NFL Data copy\NFL Data copy\GameState.cpp(78,60): warning C4244: 'argument': conversion from 'double' to 'T', possible loss of data
          with
          [
              T=float
          ]
C:\Users\josed\source\repos\NFL Data copy\NFL Data copy\GameState.cpp(81,67): warning C4244: 'argument': conversion from 'double' to 'float', possible loss of data
  MainMenuState.cpp
C:\Users\josed\source\repos\NFL Data copy\NFL Data copy\MainMenuState.cpp(79,78): warning C4244: 'argument': conversion from 'T' to 'T', possible loss of data
          with
          [
              T=unsigned int
          ]
          and
          [
              T=float
          ]
C:\Users\josed\source\repos\NFL Data copy\NFL Data copy\MainMenuState.cpp(79,57): warning C4244: 'argument': conversion from 'T' to 'T', possible loss of data
          with
          [
              T=unsigned int
          ]
          and
          [
              T=float
          ]
  PauseMenuState.cpp
C:\Users\josed\source\repos\NFL Data copy\NFL Data copy\PauseMenuState.cpp(92,78): warning C4244: 'argument': conversion from 'T' to 'T', possible loss of data
          with
          [
              T=unsigned int
          ]
          and
          [
              T=float
          ]
C:\Users\josed\source\repos\NFL Data copy\NFL Data copy\PauseMenuState.cpp(92,57): warning C4244: 'argument': conversion from 'T' to 'T', possible loss of data
          with
          [
              T=unsigned int
          ]
          and
          [
              T=float
          ]
  SelectionState.cpp
C:\Users\josed\source\repos\NFL Data copy\NFL Data copy\SelectionState.cpp(91,78): warning C4244: 'argument': conversion from 'T' to 'T', possible loss of data
          with
          [
              T=unsigned int
          ]
          and
          [
              T=float
          ]
C:\Users\josed\source\repos\NFL Data copy\NFL Data copy\SelectionState.cpp(91,57): warning C4244: 'argument': conversion from 'T' to 'T', possible loss of data
          with
          [
              T=unsigned int
          ]
          and
          [
              T=float
          ]
  State.cpp
  main.cpp
  Generating Code...
  NFL Data copy.vcxproj -> C:\Users\josed\source\repos\NFL Data copy\Debug\NFL Data copy.exe
